autoscan: warning: missing AC_CHECK_HEADERS([stddef.h]) wanted by: 
	src/lf.h:14
	src/scqd.c:32
autoscan: warning: missing AC_CHECK_HEADER_STDBOOL wanted by: 
	src/gcc_x86.h:26
	src/gcc_x86.h:32
	src/gcc_x86.h:48
	src/c11.h:36
	src/c11.h:44
	src/lf.h:137
	src/scqd.c:117
	src/scqd.c:117
	src/scqd.c:157
	src/scqd.c:256
	src/scqd.c:267
	src/lf.h:139
	src/scqd.c:142
	src/scqd.c:250
	src/scqd.c:272
autoscan: warning: missing AC_PROG_CXX wanted by: 
	ltmain.sh:2198
	ltmain.sh:2657
	ltmain.sh:2660
	ltmain.sh:2665
	ltmain.sh:2665
	ltmain.sh:2675
	ltmain.sh:2679
	ltmain.sh:2682
	ltmain.sh:2682
	ltmain.sh:3759
	ltmain.sh:8637
	ltmain.sh:8649
	ltmain.sh:8651
	ltmain.sh:8886
autoscan: warning: missing AC_PROG_RANLIB wanted by: 
	ltmain.sh:3772
autoscan: warning: missing AC_TYPE_INT64_T wanted by: 
	src/lf.h:39
	src/lf.h:40
	src/lf.h:51
autoscan: warning: missing AC_TYPE_SIZE_T wanted by: 
	src/scqd.h:43
	src/lf.h:109
	src/lf.h:110
	src/lf.h:122
	src/lf.h:123
	src/lf.h:130
	src/lf.h:132
	src/lf.h:132
	src/lf.h:134
	src/lf.h:137
	src/scqd.c:61
	src/scqd.c:75
	src/scqd.c:75
	src/scqd.c:75
	src/scqd.c:76
	src/scqd.c:80
	src/scqd.c:80
	src/scqd.c:80
	src/scqd.c:81
	src/scqd.c:87
	src/scqd.c:87
	src/scqd.c:88
	src/scqd.c:91
	src/scqd.c:92
	src/scqd.c:102
	src/scqd.c:102
	src/scqd.c:102
	src/scqd.c:103
	src/scqd.c:117
	src/scqd.c:117
	src/scqd.c:118
	src/scqd.c:157
	src/scqd.c:157
	src/scqd.c:158
	src/scqd.c:160
	src/scqd.c:179
	src/scqd.c:212
	src/scqd.c:223
	src/scqd.c:249
	src/scqd.c:267
